[2024-06-06 08:10:36.460 PM error: 404 - Error: Shop already registered!]
[2024-06-22 10:29:16.185 PM error: 401 - Invalid Request]
[2024-06-22 10:29:49.080 PM error: 401 - Invalid Request]
[2024-06-22 10:30:46.496 PM error: 401 - Invalid Request]
[2024-06-22 10:30:48.899 PM error: 401 - Invalid Request]
[2024-07-31 05:32:39.607 PM error: 404 - "email" with value "quabng@1132" fails to match the required pattern: /gmail.com$/]
[2024-07-31 05:32:56.724 PM error: 404 - "password" with value "1" fails to match the required pattern: /^[a-zA-Z0-9]{3,30}$/]
[2024-07-31 05:37:33.318 PM error: 404 - "email" is not allowed to be empty]
[2024-07-31 05:40:15.169 PM error: 404 - "email" is not allowed to be empty]
[2024-07-31 05:40:19.266 PM error: 404 - "email" is not allowed to be empty]
[2024-07-31 05:41:50.829 PM error: 404 - "email" is not allowed to be empty]
[2024-07-31 05:41:53.635 PM error: 404 - "email" is not allowed to be empty]
[2024-07-31 05:42:03.623 PM error: 404 - "email" is not allowed to be empty]
[2024-07-31 05:42:34.625 PM error: 404 - "email" is not allowed to be empty]
[2024-07-31 05:43:20.533 PM error: 404 - "email" is not allowed to be empty]
[2024-07-31 05:43:42.037 PM error: 404 - "email" is not allowed to be empty]
[2024-07-31 05:44:03.568 PM error: 404 - "email" is not allowed to be empty]
[2024-07-31 05:44:09.816 PM error: 404 - "email" is not allowed to be empty]
[2024-07-31 05:44:49.777 PM error: 404 - "email" is not allowed to be empty]
[2024-07-31 05:47:34.691 PM error: 404 - "email" is not allowed to be empty]
[2024-07-31 05:48:04.495 PM error: 404 - "email" is not allowed to be empty]
[2024-07-31 05:51:54.604 PM error: 404 - "email" is not allowed to be empty]
[2024-07-31 05:57:59.488 PM error: 404 - "email" is not allowed to be empty]
[2024-07-31 05:58:02.489 PM error: 404 - "email" is not allowed to be empty]
[2024-07-31 06:05:19.495 PM error: 404 - Error: Shop already registered!]
[2024-07-31 08:51:26.167 PM error: 404 - Shop is not registered]
[2024-07-31 08:51:48.202 PM error: 404 - Shop is not registered]
[2024-07-31 08:52:17.508 PM error: 404 - Shop is not registered]
[2024-07-31 08:53:02.581 PM error: 404 - Shop is not registered]
[2024-07-31 08:54:21.739 PM error: 404 - Shop is not registered]
[2024-07-31 10:45:57.106 PM error: 401 - Invalid Request]
[2024-07-31 10:47:05.143 PM error: 401 - Invalid Request]
[2024-07-31 10:49:39.430 PM error: 401 - Invalid Request]
[2024-07-31 10:56:04.475 PM error: 401 - Invalid Request]
[2024-07-31 11:00:41.948 PM error: 401 - Invalid Request]
[2024-07-31 11:09:43.840 PM error: 401 - Invalid Request]
[2024-08-01 08:07:54.466 AM error: 401 - Invalid Request]
[2024-08-01 08:12:25.834 AM error: 401 - Invalid Request]
[2024-08-01 08:17:28.904 AM error: 404 - "password" with value "quanglal@gmail.com" fails to match the required pattern: /^[a-zA-Z0-9]{3,30}$/]
[2024-08-01 09:14:31.769 AM error: 401 - Invalid Request]
[2024-08-01 09:17:24.569 AM error: 401 - Invalid Request]
[2024-08-01 09:22:21.548 AM error: 401 - Invalid Request]
[2024-08-01 10:06:52.777 AM error: 401 - Invalid Request]
[2024-08-01 10:10:58.356 AM error: 401 - Invalid Request]
[2024-08-01 10:13:35.092 AM error: 401 - Invalid Request]
[2024-08-01 10:13:37.784 AM error: 401 - Invalid Request]
[2024-08-01 10:19:01.007 AM error: 401 - Invalid Request]
[2024-08-01 10:20:08.821 AM error: 401 - Invalid Request]
[2024-08-01 10:20:24.288 AM error: 401 - Invalid Request]
[2024-08-01 10:20:50.136 AM error: 401 - Invalid Request]
[2024-08-01 10:21:04.306 AM error: 401 - Invalid Request]
[2024-08-01 10:21:14.422 AM error: 401 - Invalid Request]
[2024-08-01 10:21:27.153 AM error: 401 - Invalid Request]
[2024-08-01 10:23:00.794 AM error: 401 - Invalid Request]
[2024-08-01 10:23:59.916 AM error: 401 - Invalid Request]
[2024-08-01 10:25:45.956 AM error: 401 - Invalid Request]
[2024-08-01 10:29:51.319 AM error: 401 - Invalid Request]
[2024-08-01 10:48:42.397 AM error: 404 - "email" must be a valid email]
[2024-08-01 10:51:28.139 AM error: 401 - Invalid Request]
[2024-08-01 10:51:44.969 AM error: 404 - "password" with value "`12345454" fails to match the required pattern: /^[a-zA-Z0-9]{3,30}$/]
[2024-08-01 10:52:21.074 AM error: 401 - Invalid Request]
[2024-08-01 10:59:59.559 AM error: 401 - Invalid Request]
[2024-08-01 11:00:53.077 AM error: 401 - Invalid Request]
[2024-08-01 11:03:39.039 AM error: 401 - Invalid Request]
[2024-08-01 11:06:18.351 AM error: 401 - Invalid Request]
[2024-08-01 11:06:27.150 AM error: 404 - Error: Shop already registered!]
[2024-08-01 11:06:57.344 AM error: 404 - Error: Shop already registered!]
[2024-08-01 11:08:16.207 AM error: 404 - Error: Shop already registered!]
[2024-08-01 11:10:43.291 AM error: 404 - Error: Shop already registered!]
[2024-08-01 11:11:23.769 AM error: 401 - Invalid Request]
[2024-08-01 11:11:33.426 AM error: 404 - Error: Shop already registered!]
[2024-08-01 11:12:42.646 AM error: 404 - Error: Shop already registered!]
[2024-08-01 11:13:24.384 AM error: 404 - Error: Shop already registered!]
[2025-03-22 02:28:03.561 PM error: 404 - Movie already exists]
[2025-03-22 02:28:05.028 PM error: 404 - Movie already exists]
[2025-03-22 02:28:07.653 PM error: 404 - Movie already exists]
[2025-03-22 09:44:52.333 PM error: 404 - Error: Shop already registered!]
[2025-03-23 01:07:33.725 PM error: 404 - Not Found keyStore]
[2025-03-23 04:32:54.595 PM error: 401 - Authencation error]
[2025-03-24 12:00:58.015 PM error: 404 - Not Found keyStore]
[2025-03-24 12:00:58.128 PM error: 404 - Not Found keyStore]
[2025-03-24 12:05:44.519 PM error: 404 - Not Found keyStore]
[2025-03-24 12:05:44.559 PM error: 404 - Not Found keyStore]
[2025-03-24 12:05:50.604 PM error: 404 - Not Found keyStore]
[2025-03-24 12:05:50.623 PM error: 404 - Not Found keyStore]
[2025-03-24 12:09:00.228 PM error: 404 - Not Found keyStore]
[2025-03-24 12:09:00.245 PM error: 404 - Not Found keyStore]
[2025-03-29 08:17:51.974 PM error: 404 - Error: Shop already registered!]
[2025-04-02 03:32:07.625 PM error: 404 - Showtime conflicts with another showtime in the same room]
[2025-04-02 03:32:22.554 PM error: 404 - Showtime conflicts with another showtime in the same room]
[2025-04-02 03:32:28.442 PM error: 404 - Showtime conflicts with another showtime in the same room]
[2025-04-02 03:32:46.717 PM error: 404 - Showtime conflicts with another showtime in the same room]
[2025-04-02 03:32:52.544 PM error: 404 - Showtime conflicts with another showtime in the same room]
[2025-04-02 04:15:41.065 PM error: 404 - Room not found]
[2025-04-02 04:17:01.128 PM error: 404 - seat type exists]
[2025-04-02 05:04:41.859 PM error: 404 - Seat not exitst]
[2025-04-02 06:44:46.149 PM error: 404 - Seat type not found]
[2025-04-02 06:46:16.735 PM error: 404 - seat type exists]
[2025-04-02 06:47:53.548 PM error: 404 - seat type exitst]
[2025-04-02 06:49:14.783 PM error: 404 - Room already exists!]
[2025-04-03 01:06:56.622 PM error: 404 - Movie not found]
[2025-04-03 01:09:11.017 PM error: 404 - Showtime conflicts with another showtime in the same room]
[2025-04-03 07:48:50.250 PM error: 404 - Not Found keyStore]
[2025-04-03 07:52:55.093 PM error: 404 - Movie already exists]
[2025-04-03 07:56:46.560 PM error: 404 - Movie already exists]
[2025-04-03 07:56:57.955 PM error: 404 - Invalid category format]
[2025-04-03 07:57:59.332 PM error: 404 - Invalid category format]
[2025-04-03 08:51:47.199 PM error: 404 - Category not found]
[2025-04-04 09:29:24.089 AM error: 404 - Role not exists]
[2025-04-04 09:29:41.949 AM error: 404 - Not Found keyStore]
[2025-04-04 09:33:18.143 AM error: 404 - Role not exists]
[2025-04-04 09:37:42.718 AM error: 404 - Category "Hài" not found]
[2025-04-04 09:37:42.730 AM error: 404 - Category "Kinh dị" not found]
[2025-04-04 09:54:58.781 AM error: 404 - Not Found keyStore]
[2025-04-04 11:17:41.359 AM error: 404 - seat A5 not exists!!]
[2025-04-04 11:55:45.042 AM error: 404 - seat A10 not exists!!]
[2025-04-04 12:46:08.608 PM error: 404 - Varible invalid!!]
[2025-04-04 12:46:19.363 PM error: 404 - Varible invalid!!]
[2025-04-04 12:46:29.040 PM error: 404 - Varible invalid!!]
[2025-04-04 03:48:31.480 PM error: 404 - Not Found keyStore]
[2025-04-04 03:48:31.498 PM error: 404 - Not Found keyStore]
[2025-04-04 03:48:37.068 PM error: 404 - Not Found keyStore]
[2025-04-04 10:08:35.851 PM error: 404 - Not Found keyStore]
[2025-04-04 10:08:35.877 PM error: 404 - Not Found keyStore]
[2025-04-04 10:08:47.299 PM error: 404 - Not Found keyStore]
[2025-04-04 10:36:16.959 PM error: 404 - Movie already exists]
[2025-04-05 09:55:41.083 AM error: 404 - Movie not found]
[2025-04-05 10:05:34.112 AM error: 404 - show time not exists]
[2025-04-05 11:45:20.242 AM error: 404 - Failed to retrieve seats]
[2025-04-05 11:45:20.427 AM error: 404 - Failed to retrieve seats]
[2025-04-05 11:46:24.299 AM error: 404 - Failed to retrieve seats]
[2025-04-05 11:46:29.426 AM error: 404 - Failed to retrieve seats]
[2025-04-06 04:01:15.073 PM error: 404 - Not Found keyStore]
[2025-04-06 04:01:15.097 PM error: 404 - Not Found keyStore]
[2025-04-07 03:06:55.532 PM error: 404 - Not Found keyStore]
[2025-04-07 03:06:55.565 PM error: 404 - Not Found keyStore]
[2025-04-07 03:07:08.337 PM error: 404 - Not Found keyStore]
[2025-04-07 09:11:03.995 PM error: 404 - Shop is not registered]
[2025-04-08 09:10:43.010 PM info: connection Io-redis - connection status: connected]
[2025-04-08 09:11:24.822 PM info: connection Io-redis - connection status: connected]
[2025-04-08 09:11:53.808 PM info: connection Io-redis - connection status: connected]
[2025-04-08 09:13:32.604 PM info: connection Io-redis - connection status: connected]
[2025-04-08 09:13:32.919 PM info: Connection has been established successfully.]
[2025-04-08 09:15:33.377 PM info: connection Io-redis - connection status: connected]
[2025-04-08 09:15:33.690 PM info: Connection has been established successfully.]
[2025-04-08 09:21:47.088 PM info: connection Io-redis - connection status: connected]
[2025-04-08 09:21:47.727 PM info: Connection has been established successfully.]
[2025-04-08 09:22:20.417 PM info: connection Io-redis - connection status: connected]
[2025-04-08 09:22:20.744 PM info: Connection has been established successfully.]
[2025-04-08 09:23:37.292 PM info: connection Io-redis - connection status: connected]
[2025-04-08 09:23:37.723 PM info: Connection has been established successfully.]
[2025-04-08 09:24:47.438 PM info: connection Io-redis - connection status: connected]
[2025-04-08 09:24:47.956 PM info: Connection has been established successfully.]
[2025-04-08 09:27:00.536 PM info: connection Io-redis - connection status: connected]
[2025-04-08 09:27:00.793 PM info: Connection has been established successfully.]
[2025-04-08 09:31:00.114 PM info: connection Io-redis - connection status: connected]
[2025-04-08 09:31:00.441 PM info: Connection has been established successfully.]
[2025-04-08 09:32:00.966 PM info: connection Io-redis - connection status: connected]
[2025-04-08 09:32:01.268 PM info: Connection has been established successfully.]
[2025-04-08 09:38:37.089 PM info: connection Io-redis - connection status: connected]
[2025-04-08 09:38:37.606 PM info: Connection has been established successfully.]
[2025-04-10 03:20:35.278 PM info: connection Io-redis - connection status: connected]
[2025-04-10 03:20:35.673 PM info: Connection has been established successfully.]
[2025-04-10 04:44:03.943 PM info: connection Io-redis - connection status: connected]
[2025-04-10 04:44:04.185 PM info: Connection has been established successfully.]
[2025-04-10 04:50:38.035 PM info: connection Io-redis - connection status: connected]
[2025-04-10 04:50:38.254 PM info: Connection has been established successfully.]
[2025-04-10 05:01:07.729 PM info: connection Io-redis - connection status: connected]
[2025-04-10 05:01:07.996 PM info: Connection has been established successfully.]
[2025-04-10 05:05:14.677 PM info: connection Io-redis - connection status: connected]
[2025-04-10 05:05:14.931 PM info: Connection has been established successfully.]
[2025-04-10 05:06:02.007 PM info: connection Io-redis - connection status: connected]
[2025-04-10 05:06:02.312 PM info: Connection has been established successfully.]
[2025-04-10 05:08:42.358 PM info: connection Io-redis - connection status: connected]
[2025-04-10 05:08:42.729 PM info: Connection has been established successfully.]
[2025-04-10 05:08:59.497 PM info: connection Io-redis - connection status: connected]
[2025-04-10 05:08:59.724 PM info: Connection has been established successfully.]
[2025-04-10 05:09:54.654 PM info: connection Io-redis - connection status: connected]
[2025-04-10 05:09:55.086 PM info: Connection has been established successfully.]
[2025-04-11 04:59:24.729 PM info: connection Io-redis - connection status: error Error: connect ECONNREFUSED 127.0.0.1:6381]
[2025-04-11 04:59:24.755 PM info: connection Io-redis - connection status: reconnecting]
[2025-04-11 04:59:24.823 PM info: connection Io-redis - connection status: error Error: connect ECONNREFUSED 127.0.0.1:6381]
[2025-04-11 04:59:24.825 PM info: connection Io-redis - connection status: reconnecting]
[2025-04-11 04:59:24.928 PM info: connection Io-redis - connection status: error Error: connect ECONNREFUSED 127.0.0.1:6381]
[2025-04-11 04:59:24.930 PM info: connection Io-redis - connection status: reconnecting]
[2025-04-11 04:59:25.083 PM info: connection Io-redis - connection status: error Error: connect ECONNREFUSED 127.0.0.1:6381]
[2025-04-11 04:59:25.085 PM info: connection Io-redis - connection status: reconnecting]
[2025-04-11 04:59:25.101 PM info: Connection has been established successfully.]
[2025-04-11 04:59:25.292 PM info: connection Io-redis - connection status: error Error: connect ECONNREFUSED 127.0.0.1:6381]
[2025-04-11 04:59:25.296 PM info: connection Io-redis - connection status: reconnecting]
[2025-04-11 04:59:25.559 PM info: connection Io-redis - connection status: error Error: connect ECONNREFUSED 127.0.0.1:6381]
[2025-04-11 04:59:25.562 PM info: connection Io-redis - connection status: reconnecting]
[2025-04-11 04:59:25.868 PM info: connection Io-redis - connection status: error Error: connect ECONNREFUSED 127.0.0.1:6381]
[2025-04-11 04:59:25.873 PM info: connection Io-redis - connection status: reconnecting]
[2025-04-11 04:59:26.239 PM info: connection Io-redis - connection status: error Error: connect ECONNREFUSED 127.0.0.1:6381]
[2025-04-11 04:59:26.242 PM info: connection Io-redis - connection status: reconnecting]
[2025-04-11 04:59:26.646 PM info: connection Io-redis - connection status: error Error: connect ECONNREFUSED 127.0.0.1:6381]
[2025-04-11 04:59:26.648 PM info: connection Io-redis - connection status: reconnecting]
[2025-04-11 04:59:27.104 PM info: connection Io-redis - connection status: error Error: connect ECONNREFUSED 127.0.0.1:6381]
[2025-04-11 04:59:27.108 PM info: connection Io-redis - connection status: reconnecting]
[2025-04-11 04:59:27.620 PM info: connection Io-redis - connection status: error Error: connect ECONNREFUSED 127.0.0.1:6381]
[2025-04-11 04:59:27.624 PM info: connection Io-redis - connection status: reconnecting]
[2025-04-11 04:59:28.180 PM info: connection Io-redis - connection status: error Error: connect ECONNREFUSED 127.0.0.1:6381]
[2025-04-11 04:59:28.184 PM info: connection Io-redis - connection status: reconnecting]
[2025-04-11 04:59:28.803 PM info: connection Io-redis - connection status: error Error: connect ECONNREFUSED 127.0.0.1:6381]
[2025-04-11 04:59:28.807 PM info: connection Io-redis - connection status: reconnecting]
[2025-04-11 04:59:29.478 PM info: connection Io-redis - connection status: error Error: connect ECONNREFUSED 127.0.0.1:6381]
[2025-04-11 04:59:29.483 PM info: connection Io-redis - connection status: reconnecting]
[2025-04-11 04:59:30.191 PM info: connection Io-redis - connection status: error Error: connect ECONNREFUSED 127.0.0.1:6381]
[2025-04-11 04:59:30.193 PM info: connection Io-redis - connection status: reconnecting]
[2025-04-11 04:59:30.961 PM info: connection Io-redis - connection status: error Error: connect ECONNREFUSED 127.0.0.1:6381]
[2025-04-11 04:59:30.963 PM info: connection Io-redis - connection status: reconnecting]
[2025-04-11 04:59:31.772 PM info: connection Io-redis - connection status: error Error: connect ECONNREFUSED 127.0.0.1:6381]
[2025-04-11 04:59:31.773 PM info: connection Io-redis - connection status: reconnecting]
[2025-04-11 04:59:32.636 PM info: connection Io-redis - connection status: error Error: connect ECONNREFUSED 127.0.0.1:6381]
[2025-04-11 04:59:32.637 PM info: connection Io-redis - connection status: reconnecting]
[2025-04-11 04:59:33.539 PM info: connection Io-redis - connection status: error Error: connect ECONNREFUSED 127.0.0.1:6381]
[2025-04-11 04:59:33.540 PM info: connection Io-redis - connection status: reconnecting]
[2025-04-11 04:59:34.493 PM info: connection Io-redis - connection status: error Error: connect ECONNREFUSED 127.0.0.1:6381]
[2025-04-11 04:59:34.495 PM info: connection Io-redis - connection status: reconnecting]
[2025-04-11 04:59:35.506 PM info: connection Io-redis - connection status: error Error: connect ECONNREFUSED 127.0.0.1:6381]
[2025-04-11 04:59:35.508 PM info: connection Io-redis - connection status: reconnecting]
[2025-04-11 04:59:36.575 PM info: connection Io-redis - connection status: error Error: connect ECONNREFUSED 127.0.0.1:6381]
[2025-04-11 04:59:36.577 PM info: connection Io-redis - connection status: reconnecting]
[2025-04-11 04:59:37.680 PM info: connection Io-redis - connection status: error Error: connect ECONNREFUSED 127.0.0.1:6381]
[2025-04-11 04:59:37.689 PM info: connection Io-redis - connection status: reconnecting]
[2025-04-11 04:59:38.845 PM info: connection Io-redis - connection status: error Error: connect ECONNREFUSED 127.0.0.1:6381]
[2025-04-11 04:59:38.847 PM info: connection Io-redis - connection status: reconnecting]
[2025-04-11 04:59:40.055 PM info: connection Io-redis - connection status: error Error: connect ECONNREFUSED 127.0.0.1:6381]
[2025-04-11 04:59:40.056 PM info: connection Io-redis - connection status: reconnecting]
[2025-04-11 04:59:41.313 PM info: connection Io-redis - connection status: error Error: connect ECONNREFUSED 127.0.0.1:6381]
[2025-04-11 04:59:41.319 PM info: connection Io-redis - connection status: reconnecting]
[2025-04-11 04:59:42.636 PM info: connection Io-redis - connection status: error Error: connect ECONNREFUSED 127.0.0.1:6381]
[2025-04-11 04:59:42.643 PM info: connection Io-redis - connection status: reconnecting]
[2025-04-11 05:01:25.656 PM info: connection Io-redis - connection status: connected]
[2025-04-11 05:01:26.072 PM info: Connection has been established successfully.]
[2025-04-11 05:02:38.006 PM info: connection Io-redis - connection status: connected]
[2025-04-11 05:02:38.224 PM info: Connection has been established successfully.]
[2025-04-11 05:20:55.929 PM info: connection Io-redis - connection status: connected]
[2025-04-11 05:20:56.510 PM info: Connection has been established successfully.]
[2025-04-11 08:19:58.678 PM info: connection Io-redis - connection status: connected]
[2025-04-11 08:19:59.052 PM info: Connection has been established successfully.]
[2025-04-11 08:20:44.711 PM info: connection Io-redis - connection status: connected]
[2025-04-11 08:20:45.218 PM info: Connection has been established successfully.]
[2025-04-11 10:10:01.706 PM info: connection Io-redis - connection status: connected]
[2025-04-11 10:10:03.521 PM info: Connection has been established successfully.]
[2025-04-12 10:36:28.494 AM info: connection Io-redis - connection status: connected]
[2025-04-12 10:36:29.587 AM info: Connection has been established successfully.]
[2025-04-12 10:57:20.591 AM error: 404 - Category not found]
[2025-04-12 10:57:21.564 AM error: 404 - Category not found]
[2025-04-12 10:57:26.204 AM error: 404 - Category not found]
[2025-04-12 10:57:26.243 AM error: 404 - Category not found]
[2025-04-12 10:57:31.361 AM error: 404 - Category not found]
[2025-04-12 11:02:31.165 AM info: connection Io-redis - connection status: connected]
[2025-04-12 11:02:31.679 AM info: Connection has been established successfully.]
[2025-04-12 11:11:39.884 AM info: connection Io-redis - connection status: connected]
[2025-04-12 11:11:40.797 AM info: Connection has been established successfully.]
[2025-04-12 11:11:57.789 AM info: connection Io-redis - connection status: connected]
[2025-04-12 11:11:58.111 AM info: Connection has been established successfully.]
[2025-04-12 11:12:09.971 AM info: connection Io-redis - connection status: connected]
[2025-04-12 11:12:10.429 AM info: Connection has been established successfully.]
[2025-04-12 11:12:25.446 AM info: connection Io-redis - connection status: connected]
[2025-04-12 11:12:26.176 AM info: Connection has been established successfully.]
[2025-04-12 11:12:37.121 AM info: connection Io-redis - connection status: connected]
[2025-04-12 11:12:37.334 AM info: Connection has been established successfully.]
[2025-04-12 11:13:10.828 AM info: connection Io-redis - connection status: connected]
[2025-04-12 11:13:11.365 AM info: Connection has been established successfully.]
[2025-04-12 11:14:03.754 AM info: connection Io-redis - connection status: connected]
[2025-04-12 11:14:04.048 AM info: Connection has been established successfully.]
[2025-04-12 11:17:05.895 AM info: connection Io-redis - connection status: connected]
[2025-04-12 11:17:06.350 AM info: Connection has been established successfully.]
[2025-04-12 11:18:17.314 AM info: connection Io-redis - connection status: connected]
[2025-04-12 11:18:17.546 AM info: Connection has been established successfully.]
[2025-04-12 11:18:36.950 AM info: connection Io-redis - connection status: connected]
[2025-04-12 11:18:37.437 AM info: Connection has been established successfully.]
[2025-04-12 11:20:33.309 AM info: connection Io-redis - connection status: connected]
[2025-04-12 11:20:33.791 AM info: Connection has been established successfully.]
[2025-04-12 11:21:21.618 AM info: connection Io-redis - connection status: connected]
[2025-04-12 11:21:22.275 AM info: Connection has been established successfully.]
[2025-04-12 11:22:09.948 AM info: connection Io-redis - connection status: connected]
[2025-04-12 11:22:10.166 AM info: Connection has been established successfully.]
[2025-04-12 11:24:59.484 AM info: connection Io-redis - connection status: connected]
[2025-04-12 11:24:59.766 AM info: Connection has been established successfully.]
[2025-04-12 04:25:38.807 PM info: connection Io-redis - connection status: connected]
[2025-04-12 04:25:39.490 PM info: Connection has been established successfully.]
[2025-04-12 04:34:51.127 PM error: 401 - Invalid UserId]
[2025-04-12 10:00:47.844 PM error: 401 - Invalid UserId]
[2025-04-12 10:00:48.473 PM error: 401 - Invalid UserId]
[2025-04-12 10:05:05.433 PM error: 401 - Invalid UserId]
[2025-04-12 10:05:06.929 PM error: 401 - Invalid UserId]
[2025-04-12 10:20:55.915 PM error: 401 - Invalid UserId]
[2025-04-12 10:20:56.367 PM error: 401 - Invalid UserId]
[2025-04-12 10:55:13.540 PM error: 401 - Invalid UserId]
[2025-04-12 10:55:13.981 PM error: 401 - Invalid UserId]
[2025-04-12 11:06:41.810 PM error: 401 - Invalid UserId]
[2025-04-12 11:06:42.101 PM error: 401 - Invalid UserId]
[2025-04-12 11:09:31.692 PM error: 401 - Invalid UserId]
[2025-04-12 11:09:31.762 PM error: 401 - Invalid UserId]
[2025-04-12 11:10:41.140 PM error: 401 - Invalid UserId]
[2025-04-12 11:10:41.206 PM error: 401 - Invalid UserId]
[2025-04-13 04:36:43.460 PM info: connection Io-redis - connection status: connected]
[2025-04-13 04:36:44.823 PM info: Connection has been established successfully.]
[2025-04-13 04:40:39.953 PM error: 401 - Invalid UserId]
[2025-04-13 04:40:40.012 PM error: 401 - Invalid UserId]
[2025-04-13 04:44:52.591 PM error: 401 - Invalid UserId]
[2025-04-13 04:44:53.221 PM error: 401 - Invalid UserId]
[2025-04-13 04:51:42.893 PM error: 401 - Invalid UserId]
[2025-04-13 04:51:42.993 PM error: 401 - Invalid UserId]
[2025-04-13 05:11:10.431 PM error: 401 - Invalid UserId]
[2025-04-13 05:11:11.041 PM error: 401 - Invalid UserId]
[2025-04-13 05:14:11.944 PM error: 401 - Invalid UserId]
[2025-04-13 05:14:12.050 PM error: 401 - Invalid UserId]
[2025-04-13 05:29:51.507 PM error: 401 - Invalid UserId]
[2025-04-13 07:18:27.070 PM info: connection Io-redis - connection status: connected]
[2025-04-13 07:18:28.579 PM info: Connection has been established successfully.]
[2025-04-13 07:18:34.820 PM error: 401 - Invalid UserId]
[2025-04-13 07:18:35.405 PM error: 401 - Invalid UserId]
[2025-04-13 08:24:42.452 PM error: 401 - Invalid UserId]
[2025-04-13 08:24:43.717 PM error: 401 - Invalid UserId]
[2025-04-13 08:41:57.955 PM error: 401 - Invalid UserId]
[2025-04-13 08:41:59.296 PM error: 401 - Invalid UserId]
[2025-04-13 08:45:33.821 PM info: connection Io-redis - connection status: connected]
[2025-04-13 08:45:34.223 PM info: Connection has been established successfully.]
[2025-04-13 08:45:56.957 PM error: 401 - Invalid UserId]
[2025-04-13 08:45:57.114 PM error: 401 - Invalid UserId]
[2025-04-13 08:48:23.235 PM info: connection Io-redis - connection status: connected]
[2025-04-13 08:48:24.094 PM info: Connection has been established successfully.]
[2025-04-13 08:48:28.904 PM info: connection Io-redis - connection status: connected]
[2025-04-13 08:48:29.203 PM info: Connection has been established successfully.]
[2025-04-13 08:48:54.600 PM info: connection Io-redis - connection status: connected]
[2025-04-13 08:48:54.855 PM info: Connection has been established successfully.]
[2025-04-13 10:33:25.785 PM info: connection Io-redis - connection status: connected]
[2025-04-13 10:33:26.246 PM info: Connection has been established successfully.]
[2025-04-13 10:35:07.633 PM info: connection Io-redis - connection status: connected]
[2025-04-13 10:35:08.006 PM info: Connection has been established successfully.]
[2025-04-13 10:35:14.294 PM info: connection Io-redis - connection status: connected]
[2025-04-13 10:35:14.555 PM info: Connection has been established successfully.]
[2025-04-13 10:35:28.518 PM info: connection Io-redis - connection status: connected]
[2025-04-13 10:35:29.461 PM info: Connection has been established successfully.]
[2025-04-13 10:36:33.034 PM info: connection Io-redis - connection status: connected]
[2025-04-13 10:36:33.306 PM info: Connection has been established successfully.]
[2025-04-13 10:36:45.665 PM info: connection Io-redis - connection status: connected]
[2025-04-13 10:36:45.925 PM info: Connection has been established successfully.]
[2025-04-14 09:00:29.903 AM info: connection Io-redis - connection status: connected]
[2025-04-14 09:00:31.196 AM info: Connection has been established successfully.]
[2025-04-14 04:39:22.278 PM info: connection Io-redis - connection status: connected]
[2025-04-14 04:39:22.675 PM info: Connection has been established successfully.]
[2025-04-14 07:20:39.350 PM info: connection Io-redis - connection status: connected]
[2025-04-14 07:20:39.745 PM info: Connection has been established successfully.]
[2025-04-14 07:22:15.344 PM info: connection Io-redis - connection status: connected]
[2025-04-14 07:22:15.583 PM info: Connection has been established successfully.]
[2025-04-14 08:00:56.316 PM info: connection Io-redis - connection status: connected]
[2025-04-14 08:00:56.823 PM info: Connection has been established successfully.]
[2025-04-14 08:47:27.402 PM info: connection Io-redis - connection status: connected]
[2025-04-14 08:47:29.058 PM info: Connection has been established successfully.]
[2025-04-14 08:47:50.759 PM info: connection Io-redis - connection status: connected]
[2025-04-14 08:47:51.752 PM info: Connection has been established successfully.]
[2025-04-14 08:48:41.270 PM info: connection Io-redis - connection status: connected]
[2025-04-14 08:48:42.390 PM info: Connection has been established successfully.]
[2025-04-14 08:51:30.540 PM info: connection Io-redis - connection status: connected]
[2025-04-14 08:51:30.906 PM info: Connection has been established successfully.]
[2025-04-14 08:59:29.338 PM info: connection Io-redis - connection status: connected]
[2025-04-14 08:59:29.650 PM info: Connection has been established successfully.]
[2025-04-15 09:10:24.239 AM info: connection Io-redis - connection status: connected]
[2025-04-15 09:10:24.748 AM info: Connection has been established successfully.]
[2025-04-15 09:26:51.931 AM error: 404 - Room ID is required!]
[2025-04-15 09:28:40.637 AM info: connection Io-redis - connection status: connected]
[2025-04-15 09:28:40.892 AM info: Connection has been established successfully.]
[2025-04-15 09:33:28.601 AM error: 404 - Invalid data provided]
[2025-04-15 09:38:52.198 AM error: 404 - Invalid data provided]
[2025-04-15 09:40:39.963 AM info: connection Io-redis - connection status: connected]
[2025-04-15 09:40:40.499 AM info: Connection has been established successfully.]
[2025-04-15 09:40:43.705 AM error: 404 - Invalid data provided]
[2025-04-15 09:41:45.851 AM info: connection Io-redis - connection status: connected]
[2025-04-15 09:41:46.091 AM info: Connection has been established successfully.]
[2025-04-15 09:42:29.694 AM info: connection Io-redis - connection status: connected]
[2025-04-15 09:42:30.075 AM info: Connection has been established successfully.]
[2025-04-15 11:05:25.794 AM info: connection Io-redis - connection status: connected]
[2025-04-15 11:05:26.776 AM info: Connection has been established successfully.]
[2025-04-15 11:05:57.842 AM info: connection Io-redis - connection status: connected]
[2025-04-15 11:05:58.516 AM info: Connection has been established successfully.]
[2025-04-15 11:07:00.013 AM info: connection Io-redis - connection status: connected]
[2025-04-15 11:07:00.307 AM info: Connection has been established successfully.]
[2025-04-15 11:07:30.643 AM info: connection Io-redis - connection status: connected]
[2025-04-15 11:07:30.910 AM info: Connection has been established successfully.]
[2025-04-15 11:07:46.747 AM info: connection Io-redis - connection status: connected]
[2025-04-15 11:07:47.065 AM info: Connection has been established successfully.]
[2025-04-15 11:08:40.011 AM info: connection Io-redis - connection status: connected]
[2025-04-15 11:08:40.421 AM info: Connection has been established successfully.]
[2025-04-15 11:10:57.949 AM info: connection Io-redis - connection status: connected]
[2025-04-15 11:10:58.321 AM info: Connection has been established successfully.]
[2025-04-15 11:11:27.228 AM info: connection Io-redis - connection status: connected]
[2025-04-15 11:11:27.623 AM info: Connection has been established successfully.]
[2025-04-15 11:12:31.491 AM info: connection Io-redis - connection status: connected]
[2025-04-15 11:12:32.188 AM info: Connection has been established successfully.]
[2025-04-15 11:12:44.888 AM info: connection Io-redis - connection status: connected]
[2025-04-15 11:12:45.133 AM info: Connection has been established successfully.]
[2025-04-15 11:13:00.867 AM info: connection Io-redis - connection status: connected]
[2025-04-15 11:13:01.189 AM info: Connection has been established successfully.]
[2025-04-15 11:13:45.309 AM info: connection Io-redis - connection status: connected]
[2025-04-15 11:13:45.604 AM info: Connection has been established successfully.]
[2025-04-15 11:14:40.445 AM info: connection Io-redis - connection status: connected]
[2025-04-15 11:14:40.706 AM info: Connection has been established successfully.]
[2025-04-15 11:15:30.885 AM info: connection Io-redis - connection status: connected]
[2025-04-15 11:15:31.179 AM info: Connection has been established successfully.]
[2025-04-15 11:15:53.550 AM info: connection Io-redis - connection status: connected]
[2025-04-15 11:15:53.980 AM info: Connection has been established successfully.]
[2025-04-15 11:17:16.510 AM info: connection Io-redis - connection status: connected]
[2025-04-15 11:17:16.831 AM info: Connection has been established successfully.]
[2025-04-15 11:17:45.397 AM info: connection Io-redis - connection status: connected]
[2025-04-15 11:17:45.623 AM info: Connection has been established successfully.]
[2025-04-15 11:18:04.909 AM info: connection Io-redis - connection status: connected]
[2025-04-15 11:18:05.157 AM info: Connection has been established successfully.]
[2025-04-15 11:19:16.862 AM info: connection Io-redis - connection status: connected]
[2025-04-15 11:19:17.141 AM info: Connection has been established successfully.]
[2025-04-15 11:19:42.960 AM info: connection Io-redis - connection status: connected]
[2025-04-15 11:19:43.176 AM info: Connection has been established successfully.]
[2025-04-15 11:20:27.974 AM info: connection Io-redis - connection status: connected]
[2025-04-15 11:20:28.214 AM info: Connection has been established successfully.]
[2025-04-15 11:20:42.263 AM info: connection Io-redis - connection status: connected]
[2025-04-15 11:20:42.480 AM info: Connection has been established successfully.]
[2025-04-15 11:22:22.122 AM info: connection Io-redis - connection status: connected]
[2025-04-15 11:22:22.353 AM info: Connection has been established successfully.]
[2025-04-15 11:23:02.226 AM info: connection Io-redis - connection status: connected]
[2025-04-15 11:23:02.488 AM info: Connection has been established successfully.]
[2025-04-15 11:26:20.643 AM info: connection Io-redis - connection status: connected]
[2025-04-15 11:26:20.905 AM info: Connection has been established successfully.]
[2025-04-15 11:26:30.966 AM info: connection Io-redis - connection status: connected]
[2025-04-15 11:26:31.212 AM info: Connection has been established successfully.]
[2025-04-15 11:27:11.027 AM info: connection Io-redis - connection status: connected]
[2025-04-15 11:27:11.312 AM info: Connection has been established successfully.]
[2025-04-15 11:28:38.374 AM info: connection Io-redis - connection status: connected]
[2025-04-15 11:28:38.688 AM info: Connection has been established successfully.]
[2025-04-15 11:29:20.314 AM info: connection Io-redis - connection status: connected]
[2025-04-15 11:29:20.699 AM info: Connection has been established successfully.]
[2025-04-15 11:32:00.846 AM info: connection Io-redis - connection status: connected]
[2025-04-15 11:32:01.071 AM info: Connection has been established successfully.]
[2025-04-15 11:33:55.266 AM info: connection Io-redis - connection status: connected]
[2025-04-15 11:33:57.243 AM info: Connection has been established successfully.]
[2025-04-15 11:35:48.089 AM info: connection Io-redis - connection status: connected]
[2025-04-15 11:35:48.380 AM info: Connection has been established successfully.]
[2025-04-15 11:39:58.193 AM info: connection Io-redis - connection status: connected]
[2025-04-15 11:39:58.716 AM info: Connection has been established successfully.]
[2025-04-15 11:40:21.884 AM info: connection Io-redis - connection status: connected]
[2025-04-15 11:40:22.246 AM info: Connection has been established successfully.]
[2025-04-15 11:41:03.001 AM info: connection Io-redis - connection status: connected]
[2025-04-15 11:41:03.226 AM info: Connection has been established successfully.]
[2025-04-15 11:56:44.991 AM info: connection Io-redis - connection status: connected]
[2025-04-15 11:56:45.234 AM info: Connection has been established successfully.]
[2025-04-15 12:47:58.995 PM info: connection Io-redis - connection status: connected]
[2025-04-15 12:47:59.435 PM info: Connection has been established successfully.]
[2025-04-15 02:33:38.871 PM info: connection Io-redis - connection status: connected]
[2025-04-15 02:33:39.811 PM info: Connection has been established successfully.]
[2025-04-15 02:35:26.128 PM info: connection Io-redis - connection status: connected]
[2025-04-15 02:35:26.476 PM info: Connection has been established successfully.]
[2025-04-15 02:36:12.215 PM info: connection Io-redis - connection status: connected]
[2025-04-15 02:36:12.497 PM info: Connection has been established successfully.]
[2025-04-15 02:40:00.326 PM info: connection Io-redis - connection status: connected]
[2025-04-15 02:40:00.784 PM info: Connection has been established successfully.]
[2025-04-15 02:41:08.580 PM info: connection Io-redis - connection status: connected]
[2025-04-15 02:41:08.868 PM info: Connection has been established successfully.]
[2025-04-15 02:54:19.108 PM info: connection Io-redis - connection status: connected]
[2025-04-15 02:54:19.603 PM info: Connection has been established successfully.]
[2025-04-15 04:10:15.810 PM info: connection Io-redis - connection status: connected]
[2025-04-15 04:10:16.112 PM info: Connection has been established successfully.]
[2025-04-15 04:19:52.654 PM info: connection Io-redis - connection status: connected]
[2025-04-15 04:19:52.955 PM info: Connection has been established successfully.]
[2025-04-15 04:21:44.083 PM info: connection Io-redis - connection status: connected]
[2025-04-15 04:21:44.327 PM info: Connection has been established successfully.]
[2025-04-15 04:28:09.632 PM info: connection Io-redis - connection status: connected]
[2025-04-15 04:28:09.862 PM info: Connection has been established successfully.]
[2025-04-15 04:28:43.438 PM info: connection Io-redis - connection status: connected]
[2025-04-15 04:28:43.768 PM info: Connection has been established successfully.]
[2025-04-15 04:30:42.438 PM info: connection Io-redis - connection status: connected]
[2025-04-15 04:30:42.724 PM info: Connection has been established successfully.]
[2025-04-15 04:30:56.649 PM info: connection Io-redis - connection status: connected]
[2025-04-15 04:30:56.873 PM info: Connection has been established successfully.]
[2025-04-15 04:31:44.209 PM info: connection Io-redis - connection status: connected]
[2025-04-15 04:31:44.495 PM info: Connection has been established successfully.]
[2025-04-15 05:20:46.235 PM info: connection Io-redis - connection status: connected]
[2025-04-15 05:20:46.826 PM info: Connection has been established successfully.]
[2025-04-15 07:09:19.286 PM info: connection Io-redis - connection status: connected]
[2025-04-15 07:09:19.839 PM info: Connection has been established successfully.]
[2025-04-15 07:47:26.387 PM info: connection Io-redis - connection status: connected]
[2025-04-15 07:47:26.677 PM info: Connection has been established successfully.]
[2025-04-15 07:48:22.787 PM info: connection Io-redis - connection status: connected]
[2025-04-15 07:48:23.184 PM info: Connection has been established successfully.]
[2025-04-15 07:49:20.737 PM info: connection Io-redis - connection status: connected]
[2025-04-15 07:49:20.953 PM info: Connection has been established successfully.]
[2025-04-15 07:49:51.613 PM info: connection Io-redis - connection status: connected]
[2025-04-15 07:49:51.849 PM info: Connection has been established successfully.]
[2025-04-15 07:52:15.690 PM info: connection Io-redis - connection status: connected]
[2025-04-15 07:52:15.965 PM info: Connection has been established successfully.]
[2025-04-15 08:05:40.345 PM info: connection Io-redis - connection status: connected]
[2025-04-15 08:05:40.574 PM info: Connection has been established successfully.]
[2025-04-15 08:09:15.387 PM info: connection Io-redis - connection status: connected]
[2025-04-15 08:09:16.564 PM info: Connection has been established successfully.]
[2025-04-15 08:10:17.071 PM error: 404 - movie_category_name must be an array]
[2025-04-15 08:16:18.307 PM info: connection Io-redis - connection status: connected]
[2025-04-15 08:16:18.671 PM info: Connection has been established successfully.]
[2025-04-15 08:17:54.239 PM info: connection Io-redis - connection status: connected]
[2025-04-15 08:17:54.532 PM info: Connection has been established successfully.]
[2025-04-15 08:59:41.108 PM error: 404 - Room not found]
[2025-04-15 09:10:26.736 PM info: connection Io-redis - connection status: connected]
[2025-04-15 09:10:26.975 PM info: Connection has been established successfully.]
[2025-04-15 09:11:04.607 PM info: connection Io-redis - connection status: connected]
[2025-04-15 09:11:04.818 PM info: Connection has been established successfully.]
[2025-04-15 10:19:23.092 PM info: connection Io-redis - connection status: connected]
[2025-04-15 10:19:23.358 PM info: Connection has been established successfully.]
[2025-04-15 10:20:00.412 PM info: connection Io-redis - connection status: connected]
[2025-04-15 10:20:00.641 PM info: Connection has been established successfully.]
[2025-04-15 10:22:44.440 PM info: connection Io-redis - connection status: connected]
[2025-04-15 10:22:44.729 PM info: Connection has been established successfully.]
[2025-04-15 10:27:35.592 PM info: connection Io-redis - connection status: connected]
[2025-04-15 10:27:35.870 PM info: Connection has been established successfully.]
[2025-04-16 11:33:24.827 AM info: connection Io-redis - connection status: connected]
[2025-04-16 11:33:25.370 AM info: Connection has been established successfully.]
[2025-04-16 11:01:00.624 PM info: connection Io-redis - connection status: connected]
[2025-04-16 11:01:01.385 PM info: Connection has been established successfully.]
[2025-04-17 09:49:32.468 AM info: connection Io-redis - connection status: connected]
[2025-04-17 09:49:34.665 AM info: Connection has been established successfully.]
[2025-04-17 09:59:32.498 AM info: connection Io-redis - connection status: connected]
[2025-04-17 09:59:32.752 AM info: Connection has been established successfully.]
[2025-04-17 10:38:32.037 AM info: connection Io-redis - connection status: connected]
[2025-04-17 10:38:32.684 AM info: Connection has been established successfully.]
[2025-04-17 10:38:40.573 AM info: connection Io-redis - connection status: connected]
[2025-04-17 10:38:40.969 AM info: Connection has been established successfully.]
[2025-04-17 10:49:31.505 AM info: connection Io-redis - connection status: connected]
[2025-04-17 10:49:32.092 AM info: Connection has been established successfully.]
[2025-04-17 08:22:05.816 PM info: connection Io-redis - connection status: connected]
[2025-04-17 08:22:06.317 PM info: Connection has been established successfully.]
[2025-04-18 11:21:14.173 AM info: connection Io-redis - connection status: connected]
[2025-04-18 11:21:14.624 AM info: Connection has been established successfully.]
[2025-04-18 05:09:20.763 PM info: connection Io-redis - connection status: connected]
[2025-04-18 05:09:21.112 PM info: Connection has been established successfully.]
[2025-04-18 07:34:12.086 PM info: connection Io-redis - connection status: connected]
[2025-04-18 07:34:12.735 PM info: Connection has been established successfully.]
[2025-04-19 11:00:19.441 AM info: connection Io-redis - connection status: connected]
[2025-04-19 11:00:19.814 AM info: Connection has been established successfully.]
[2025-04-19 11:14:42.361 AM info: connection Io-redis - connection status: connected]
[2025-04-19 11:14:42.617 AM info: Connection has been established successfully.]
[2025-04-19 11:27:34.153 AM info: connection Io-redis - connection status: connected]
[2025-04-19 11:27:34.433 AM info: Connection has been established successfully.]
[2025-04-19 11:35:58.563 AM error: 404 - Showtime conflicts with another showtime in the same room]
[2025-04-19 08:58:10.232 PM info: connection Io-redis - connection status: connected]
[2025-04-19 08:58:10.877 PM info: Connection has been established successfully.]
[2025-04-19 09:44:47.900 PM info: connection Io-redis - connection status: connected]
[2025-04-19 09:44:48.896 PM info: Connection has been established successfully.]
[2025-04-19 11:10:17.366 PM info: connection Io-redis - connection status: connected]
[2025-04-19 11:10:17.694 PM info: Connection has been established successfully.]
[2025-04-20 10:11:33.957 AM info: connection Io-redis - connection status: connected]
[2025-04-20 10:11:34.323 AM info: Connection has been established successfully.]
[2025-04-20 10:21:27.064 AM info: connection Io-redis - connection status: connected]
[2025-04-20 10:21:27.489 AM info: Connection has been established successfully.]
[2025-04-21 10:55:42.452 AM info: connection Io-redis - connection status: connected]
[2025-04-21 10:55:42.857 AM info: Connection has been established successfully.]
[2025-04-21 11:40:20.157 AM info: connection Io-redis - connection status: connected]
[2025-04-21 11:40:20.420 AM info: Connection has been established successfully.]
[2025-04-21 11:41:14.183 AM info: connection Io-redis - connection status: connected]
[2025-04-21 11:41:14.437 AM info: Connection has been established successfully.]
[2025-04-21 11:42:36.005 AM info: connection Io-redis - connection status: connected]
[2025-04-21 11:42:36.267 AM info: Connection has been established successfully.]
[2025-04-21 11:52:04.634 AM info: connection Io-redis - connection status: connected]
[2025-04-21 11:52:04.910 AM info: Connection has been established successfully.]
[2025-04-21 03:47:12.089 PM info: connection Io-redis - connection status: connected]
[2025-04-21 03:47:12.572 PM info: Connection has been established successfully.]
[2025-04-21 03:48:04.267 PM error: 404 - Not Found keyStore]
[2025-04-21 03:51:58.241 PM info: connection Io-redis - connection status: connected]
[2025-04-21 03:51:58.494 PM info: Connection has been established successfully.]
[2025-04-21 03:53:40.827 PM info: connection Io-redis - connection status: connected]
[2025-04-21 03:53:41.238 PM info: Connection has been established successfully.]
[2025-04-21 03:54:54.400 PM info: connection Io-redis - connection status: connected]
[2025-04-21 03:54:54.825 PM info: Connection has been established successfully.]
[2025-04-21 04:13:15.203 PM info: connection Io-redis - connection status: connected]
[2025-04-21 04:13:15.465 PM info: Connection has been established successfully.]
[2025-04-21 04:14:44.270 PM info: connection Io-redis - connection status: connected]
[2025-04-21 04:14:44.513 PM info: Connection has been established successfully.]
[2025-04-21 04:22:32.367 PM info: connection Io-redis - connection status: connected]
[2025-04-21 04:22:32.778 PM info: Connection has been established successfully.]
[2025-04-21 04:23:39.676 PM info: connection Io-redis - connection status: connected]
[2025-04-21 04:23:39.923 PM info: Connection has been established successfully.]
[2025-04-21 04:33:48.508 PM info: connection Io-redis - connection status: connected]
[2025-04-21 04:33:48.775 PM info: Connection has been established successfully.]
[2025-04-21 04:34:20.989 PM info: connection Io-redis - connection status: connected]
[2025-04-21 04:34:21.307 PM info: Connection has been established successfully.]
[2025-04-21 04:36:34.405 PM info: connection Io-redis - connection status: connected]
[2025-04-21 04:36:34.683 PM info: Connection has been established successfully.]
[2025-04-21 04:36:49.040 PM info: connection Io-redis - connection status: connected]
[2025-04-21 04:36:49.430 PM info: Connection has been established successfully.]
[2025-04-21 04:37:22.281 PM info: connection Io-redis - connection status: connected]
[2025-04-21 04:37:22.533 PM info: Connection has been established successfully.]
[2025-04-21 04:42:38.457 PM info: connection Io-redis - connection status: connected]
[2025-04-21 04:42:38.842 PM info: Connection has been established successfully.]
[2025-04-21 04:42:50.633 PM info: connection Io-redis - connection status: connected]
[2025-04-21 04:42:50.892 PM info: Connection has been established successfully.]
[2025-04-21 04:43:09.311 PM info: connection Io-redis - connection status: connected]
[2025-04-21 04:43:09.546 PM info: Connection has been established successfully.]
[2025-04-21 04:43:44.278 PM info: connection Io-redis - connection status: connected]
[2025-04-21 04:43:44.682 PM info: Connection has been established successfully.]
[2025-04-21 04:43:52.651 PM error: 404 - Showtime conflicts with another showtime in the same room]
[2025-04-21 04:44:15.592 PM error: 404 - Seat A8 already booked!!]
[2025-04-22 10:18:32.709 AM info: connection Io-redis - connection status: error Error: connect ECONNREFUSED 127.0.0.1:6381]
[2025-04-22 10:18:32.733 AM info: connection Io-redis - connection status: reconnecting]
[2025-04-22 10:18:32.789 AM info: connection Io-redis - connection status: error Error: connect ECONNREFUSED 127.0.0.1:6381]
[2025-04-22 10:18:32.791 AM info: connection Io-redis - connection status: reconnecting]
[2025-04-22 10:18:32.900 AM info: connection Io-redis - connection status: error Error: connect ECONNREFUSED 127.0.0.1:6381]
[2025-04-22 10:18:32.902 AM info: connection Io-redis - connection status: reconnecting]
[2025-04-22 10:18:33.009 AM info: Connection has been established successfully.]
[2025-04-22 10:18:33.067 AM info: connection Io-redis - connection status: error Error: connect ECONNREFUSED 127.0.0.1:6381]
[2025-04-22 10:18:33.068 AM info: connection Io-redis - connection status: reconnecting]
[2025-04-22 10:18:33.272 AM info: connection Io-redis - connection status: error Error: connect ECONNREFUSED 127.0.0.1:6381]
[2025-04-22 10:18:33.273 AM info: connection Io-redis - connection status: reconnecting]
[2025-04-22 10:18:33.527 AM info: connection Io-redis - connection status: error Error: connect ECONNREFUSED 127.0.0.1:6381]
[2025-04-22 10:18:33.530 AM info: connection Io-redis - connection status: reconnecting]
[2025-04-22 10:18:33.838 AM info: connection Io-redis - connection status: error Error: connect ECONNREFUSED 127.0.0.1:6381]
[2025-04-22 10:18:33.841 AM info: connection Io-redis - connection status: reconnecting]
[2025-04-22 10:18:34.196 AM info: connection Io-redis - connection status: error Error: connect ECONNREFUSED 127.0.0.1:6381]
[2025-04-22 10:18:34.199 AM info: connection Io-redis - connection status: reconnecting]
[2025-04-22 10:18:34.604 AM info: connection Io-redis - connection status: error Error: connect ECONNREFUSED 127.0.0.1:6381]
[2025-04-22 10:18:34.605 AM info: connection Io-redis - connection status: reconnecting]
[2025-04-22 10:18:35.071 AM info: connection Io-redis - connection status: error Error: connect ECONNREFUSED 127.0.0.1:6381]
[2025-04-22 10:18:35.074 AM info: connection Io-redis - connection status: reconnecting]
[2025-04-22 10:18:35.585 AM info: connection Io-redis - connection status: error Error: connect ECONNREFUSED 127.0.0.1:6381]
[2025-04-22 10:18:35.588 AM info: connection Io-redis - connection status: reconnecting]
[2025-04-22 10:18:36.145 AM info: connection Io-redis - connection status: error Error: connect ECONNREFUSED 127.0.0.1:6381]
[2025-04-22 10:18:36.148 AM info: connection Io-redis - connection status: reconnecting]
[2025-04-22 10:18:36.752 AM info: connection Io-redis - connection status: error Error: connect ECONNREFUSED 127.0.0.1:6381]
[2025-04-22 10:18:36.753 AM info: connection Io-redis - connection status: reconnecting]
[2025-04-22 10:21:17.810 AM info: connection Io-redis - connection status: connected]
[2025-04-22 10:21:18.133 AM info: Connection has been established successfully.]
[2025-04-22 10:33:10.932 AM info: connection Io-redis - connection status: connected]
[2025-04-22 10:33:11.350 AM info: Connection has been established successfully.]
[2025-04-22 10:34:26.702 AM info: connection Io-redis - connection status: connected]
[2025-04-22 10:34:27.200 AM info: Connection has been established successfully.]
[2025-04-22 10:35:07.943 AM info: connection Io-redis - connection status: connected]
[2025-04-22 10:35:08.192 AM info: Connection has been established successfully.]
[2025-04-22 10:35:32.973 AM error: 404 - Room already exists!]
[2025-04-22 10:40:12.130 AM info: connection Io-redis - connection status: connected]
[2025-04-22 10:40:12.823 AM info: Connection has been established successfully.]
[2025-04-22 10:45:38.309 AM info: connection Io-redis - connection status: connected]
[2025-04-22 10:45:38.567 AM info: Connection has been established successfully.]
[2025-04-22 10:46:17.321 AM info: connection Io-redis - connection status: connected]
[2025-04-22 10:46:17.556 AM info: Connection has been established successfully.]
[2025-04-22 10:55:39.249 AM info: connection Io-redis - connection status: connected]
[2025-04-22 10:55:39.696 AM info: Connection has been established successfully.]
[2025-04-22 10:55:46.551 AM info: connection Io-redis - connection status: connected]
[2025-04-22 10:55:46.796 AM info: Connection has been established successfully.]
[2025-04-22 02:33:34.263 PM info: connection Io-redis - connection status: connected]
[2025-04-22 02:33:34.647 PM info: Connection has been established successfully.]
[2025-04-22 03:25:25.528 PM error: 404 - show time not exists]
[2025-04-22 04:06:27.025 PM error: 404 - Varible invalid!!]
[2025-04-22 04:06:27.518 PM error: 404 - Varible invalid!!]
[2025-04-22 04:14:41.386 PM info: connection Io-redis - connection status: connected]
[2025-04-22 04:14:41.942 PM info: Connection has been established successfully.]
[2025-04-22 04:15:45.992 PM error: 404 - Varible invalid!!]
[2025-04-22 04:17:06.756 PM info: connection Io-redis - connection status: connected]
[2025-04-22 04:17:06.984 PM info: Connection has been established successfully.]
[2025-04-22 04:17:12.755 PM error: 404 - Varible invalid!!]
[2025-04-22 04:17:13.031 PM error: 404 - Varible invalid!!]
[2025-04-22 04:17:13.185 PM error: 404 - Varible invalid!!]
[2025-04-22 04:18:13.992 PM error: 404 - Varible invalid!!]
[2025-04-22 04:18:14.000 PM error: 404 - Varible invalid!!]
[2025-04-22 04:18:55.441 PM error: 404 - Varible invalid!!]
[2025-04-22 04:19:08.513 PM error: 404 - Varible invalid!!]
[2025-04-22 04:19:08.520 PM error: 404 - Varible invalid!!]
[2025-04-22 04:19:09.005 PM error: 404 - Varible invalid!!]
[2025-04-22 04:40:50.284 PM info: connection Io-redis - connection status: connected]
[2025-04-22 04:40:50.748 PM info: Connection has been established successfully.]
[2025-04-22 04:43:01.079 PM info: connection Io-redis - connection status: connected]
[2025-04-22 04:43:03.477 PM info: Connection has been established successfully.]
[2025-04-22 10:47:58.123 PM info: connection Io-redis - connection status: connected]
[2025-04-22 10:47:58.508 PM info: Connection has been established successfully.]
[2025-04-22 10:50:22.529 PM info: connection Io-redis - connection status: connected]
[2025-04-22 10:50:22.770 PM info: Connection has been established successfully.]
[2025-04-22 10:52:06.555 PM error: 403 - Forbidden]
[2025-04-22 10:53:04.140 PM info: connection Io-redis - connection status: connected]
[2025-04-22 10:53:04.482 PM info: Connection has been established successfully.]
[2025-04-22 10:53:08.866 PM error: 403 - Forbidden]
[2025-04-22 10:54:50.921 PM info: connection Io-redis - connection status: connected]
[2025-04-22 10:54:51.188 PM info: Connection has been established successfully.]
[2025-04-22 10:57:51.223 PM info: connection Io-redis - connection status: connected]
[2025-04-22 10:57:51.485 PM info: Connection has been established successfully.]
[2025-04-22 10:58:25.235 PM info: connection Io-redis - connection status: connected]
[2025-04-22 10:58:25.497 PM info: Connection has been established successfully.]
[2025-04-22 10:58:33.258 PM info: connection Io-redis - connection status: connected]
[2025-04-22 10:58:33.716 PM info: Connection has been established successfully.]
[2025-04-22 10:58:48.668 PM info: connection Io-redis - connection status: connected]
[2025-04-22 10:58:48.912 PM info: Connection has been established successfully.]
[2025-04-22 10:59:50.843 PM info: connection Io-redis - connection status: connected]
[2025-04-22 10:59:51.125 PM info: Connection has been established successfully.]
[2025-04-22 10:59:55.506 PM error: 403 - Forbidden]
[2025-04-22 11:00:41.208 PM info: connection Io-redis - connection status: connected]
[2025-04-22 11:00:41.569 PM info: Connection has been established successfully.]
[2025-04-23 01:20:09.538 PM info: connection Io-redis - connection status: connected]
[2025-04-23 01:20:10.116 PM info: Connection has been established successfully.]
[2025-04-23 01:26:05.841 PM info: connection Io-redis - connection status: connected]
[2025-04-23 01:26:06.141 PM info: Connection has been established successfully.]
[2025-04-23 04:12:45.365 PM info: connection Io-redis - connection status: connected]
[2025-04-23 04:12:45.816 PM info: Connection has been established successfully.]
[2025-04-23 04:14:54.161 PM info: connection Io-redis - connection status: connected]
[2025-04-23 04:14:54.446 PM info: Connection has been established successfully.]
[2025-04-23 09:15:53.060 PM info: connection Io-redis - connection status: connected]
[2025-04-23 09:15:54.105 PM info: Connection has been established successfully.]
[2025-04-23 09:34:51.332 PM info: connection Io-redis - connection status: connected]
[2025-04-23 09:34:51.661 PM info: Connection has been established successfully.]
[2025-04-23 09:35:03.738 PM info: connection Io-redis - connection status: connected]
[2025-04-23 09:35:04.039 PM info: Connection has been established successfully.]
[2025-04-23 09:35:19.447 PM info: connection Io-redis - connection status: connected]
[2025-04-23 09:35:19.798 PM info: Connection has been established successfully.]
[2025-04-23 09:36:53.421 PM info: connection Io-redis - connection status: connected]
[2025-04-23 09:36:53.671 PM info: Connection has been established successfully.]
[2025-04-23 09:37:25.625 PM info: connection Io-redis - connection status: connected]
[2025-04-23 09:37:25.889 PM info: Connection has been established successfully.]
[2025-04-23 09:37:52.125 PM info: connection Io-redis - connection status: connected]
[2025-04-23 09:37:52.367 PM info: Connection has been established successfully.]
[2025-04-23 09:42:30.173 PM info: connection Io-redis - connection status: connected]
[2025-04-23 09:42:30.465 PM info: Connection has been established successfully.]
[2025-04-23 09:43:01.341 PM info: connection Io-redis - connection status: connected]
[2025-04-23 09:43:01.624 PM info: Connection has been established successfully.]
[2025-04-23 09:43:13.549 PM error: 403 - Forbidden]
[2025-04-23 09:43:51.973 PM error: 403 - Forbidden]
[2025-04-23 09:43:57.358 PM error: 403 - Forbidden]
[2025-04-23 09:45:26.858 PM info: connection Io-redis - connection status: connected]
[2025-04-23 09:45:27.952 PM info: Connection has been established successfully.]
[2025-04-23 09:46:11.966 PM error: 403 - Forbidden]
[2025-04-23 09:49:51.701 PM error: 403 - Forbidden]
[2025-04-23 09:51:27.688 PM info: connection Io-redis - connection status: connected]
[2025-04-23 09:51:28.247 PM info: Connection has been established successfully.]
[2025-04-23 09:52:23.273 PM error: 403 - Forbidden]
[2025-04-23 09:58:36.713 PM error: 403 - Forbidden]
[2025-04-23 10:23:31.891 PM info: connection Io-redis - connection status: connected]
[2025-04-23 10:23:32.205 PM info: Connection has been established successfully.]
[2025-04-23 10:23:52.422 PM info: connection Io-redis - connection status: connected]
[2025-04-23 10:23:52.688 PM info: Connection has been established successfully.]
[2025-04-23 10:24:15.949 PM info: connection Io-redis - connection status: connected]
[2025-04-23 10:24:16.439 PM info: Connection has been established successfully.]
[2025-04-23 10:24:32.862 PM info: connection Io-redis - connection status: connected]
[2025-04-23 10:24:33.100 PM info: Connection has been established successfully.]
[2025-04-23 10:24:41.570 PM info: connection Io-redis - connection status: connected]
[2025-04-23 10:24:41.997 PM info: Connection has been established successfully.]
[2025-04-23 10:25:06.452 PM info: connection Io-redis - connection status: connected]
[2025-04-23 10:25:06.753 PM info: Connection has been established successfully.]
[2025-04-23 10:25:31.097 PM info: connection Io-redis - connection status: connected]
[2025-04-23 10:25:31.313 PM info: Connection has been established successfully.]
[2025-04-23 10:26:02.199 PM info: connection Io-redis - connection status: connected]
[2025-04-23 10:26:02.528 PM info: Connection has been established successfully.]
[2025-04-24 04:00:51.929 PM info: connection Io-redis - connection status: connected]
[2025-04-24 04:00:52.412 PM info: Connection has been established successfully.]
[2025-04-24 04:02:53.137 PM info: connection Io-redis - connection status: connected]
[2025-04-24 04:02:53.491 PM info: Connection has been established successfully.]
[2025-04-24 04:03:15.841 PM info: connection Io-redis - connection status: connected]
[2025-04-24 04:03:16.302 PM info: Connection has been established successfully.]
[2025-04-24 04:04:51.108 PM info: connection Io-redis - connection status: connected]
[2025-04-24 04:04:51.400 PM info: Connection has been established successfully.]
[2025-04-25 12:59:40.755 PM info: connection Io-redis - connection status: connected]
[2025-04-25 12:59:46.587 PM info: Connection has been established successfully.]
[2025-04-25 02:00:22.991 PM info: connection Io-redis - connection status: connected]
[2025-04-25 02:00:23.300 PM info: Connection has been established successfully.]
[2025-04-25 02:06:49.135 PM info: connection Io-redis - connection status: connected]
[2025-04-25 02:06:49.371 PM info: Connection has been established successfully.]
[2025-04-25 02:07:07.805 PM info: connection Io-redis - connection status: connected]
[2025-04-25 02:07:08.081 PM info: Connection has been established successfully.]
[2025-04-25 02:11:55.907 PM info: connection Io-redis - connection status: connected]
[2025-04-25 02:11:56.203 PM info: Connection has been established successfully.]
[2025-04-25 02:12:54.116 PM info: connection Io-redis - connection status: connected]
[2025-04-25 02:12:54.536 PM info: Connection has been established successfully.]
[2025-04-25 02:18:27.943 PM info: connection Io-redis - connection status: connected]
[2025-04-25 02:18:28.489 PM info: Connection has been established successfully.]
[2025-04-25 02:23:28.756 PM info: connection Io-redis - connection status: connected]
[2025-04-25 02:23:29.045 PM info: Connection has been established successfully.]
[2025-04-25 02:51:14.353 PM info: connection Io-redis - connection status: connected]
[2025-04-25 02:51:14.668 PM info: Connection has been established successfully.]
[2025-04-25 03:05:08.575 PM info: connection Io-redis - connection status: connected]
[2025-04-25 03:05:08.898 PM info: Connection has been established successfully.]
[2025-04-25 03:05:38.580 PM info: connection Io-redis - connection status: connected]
[2025-04-25 03:05:38.842 PM info: Connection has been established successfully.]
[2025-04-25 03:06:47.392 PM info: connection Io-redis - connection status: connected]
[2025-04-25 03:06:47.662 PM info: Connection has been established successfully.]
[2025-04-25 03:08:58.163 PM info: connection Io-redis - connection status: connected]
[2025-04-25 03:08:58.384 PM info: Connection has been established successfully.]
[2025-04-25 03:09:32.685 PM info: connection Io-redis - connection status: connected]
[2025-04-25 03:09:33.198 PM info: Connection has been established successfully.]
[2025-04-25 03:10:10.108 PM info: connection Io-redis - connection status: connected]
[2025-04-25 03:10:22.514 PM info: connection Io-redis - connection status: connected]
[2025-04-25 03:10:22.804 PM info: Connection has been established successfully.]
[2025-04-25 03:12:16.813 PM info: connection Io-redis - connection status: connected]
[2025-04-25 03:12:17.062 PM info: Connection has been established successfully.]
[2025-04-25 03:13:38.770 PM info: connection Io-redis - connection status: connected]
[2025-04-25 03:13:39.003 PM info: Connection has been established successfully.]
[2025-04-25 03:14:38.558 PM info: connection Io-redis - connection status: connected]
[2025-04-25 03:14:38.796 PM info: Connection has been established successfully.]
[2025-04-25 03:17:48.405 PM info: connection Io-redis - connection status: connected]
[2025-04-25 03:17:48.750 PM info: Connection has been established successfully.]
[2025-04-25 03:18:24.212 PM info: connection Io-redis - connection status: connected]
[2025-04-25 03:18:24.474 PM info: Connection has been established successfully.]
[2025-04-25 03:41:12.651 PM info: connection Io-redis - connection status: connected]
[2025-04-25 03:41:12.995 PM info: Connection has been established successfully.]
[2025-04-25 03:42:35.978 PM info: connection Io-redis - connection status: connected]
[2025-04-25 03:42:36.264 PM info: Connection has been established successfully.]
[2025-04-25 03:45:17.014 PM info: connection Io-redis - connection status: connected]
[2025-04-25 03:45:17.294 PM info: Connection has been established successfully.]
[2025-04-25 03:45:29.917 PM info: connection Io-redis - connection status: connected]
[2025-04-25 03:45:30.168 PM info: Connection has been established successfully.]
[2025-04-25 03:47:39.255 PM info: connection Io-redis - connection status: connected]
[2025-04-25 03:47:39.601 PM info: Connection has been established successfully.]
[2025-04-25 03:49:29.355 PM info: connection Io-redis - connection status: connected]
[2025-04-25 03:49:29.719 PM info: Connection has been established successfully.]
[2025-04-25 03:49:38.531 PM info: connection Io-redis - connection status: connected]
[2025-04-25 03:49:38.781 PM info: Connection has been established successfully.]
[2025-04-25 04:48:33.384 PM info: connection Io-redis - connection status: connected]
[2025-04-25 04:48:33.814 PM info: Connection has been established successfully.]
[2025-04-25 04:50:08.951 PM info: connection Io-redis - connection status: connected]
[2025-04-25 04:50:09.403 PM info: Connection has been established successfully.]
[2025-04-25 04:50:34.064 PM info: connection Io-redis - connection status: connected]
[2025-04-25 04:50:34.518 PM info: Connection has been established successfully.]
[2025-04-25 04:51:55.357 PM info: connection Io-redis - connection status: connected]
[2025-04-25 04:51:55.617 PM info: Connection has been established successfully.]
[2025-04-25 04:52:15.781 PM info: connection Io-redis - connection status: connected]
[2025-04-25 04:52:17.035 PM info: Connection has been established successfully.]
[2025-04-25 04:55:37.237 PM info: connection Io-redis - connection status: connected]
[2025-04-25 04:55:38.020 PM info: Connection has been established successfully.]
[2025-04-25 04:55:48.008 PM info: connection Io-redis - connection status: connected]
[2025-04-25 04:55:48.345 PM info: Connection has been established successfully.]
[2025-04-25 04:57:38.701 PM info: connection Io-redis - connection status: connected]
[2025-04-25 04:57:39.007 PM info: Connection has been established successfully.]
[2025-04-25 04:59:44.274 PM info: connection Io-redis - connection status: connected]
[2025-04-25 04:59:44.563 PM info: Connection has been established successfully.]
[2025-04-25 05:00:54.593 PM info: connection Io-redis - connection status: connected]
[2025-04-25 05:00:54.917 PM info: Connection has been established successfully.]
[2025-04-25 05:08:11.800 PM info: connection Io-redis - connection status: connected]
[2025-04-25 05:08:12.100 PM info: Connection has been established successfully.]
[2025-04-25 05:09:59.939 PM info: connection Io-redis - connection status: connected]
[2025-04-25 05:10:00.242 PM info: Connection has been established successfully.]
[2025-04-25 05:12:27.096 PM info: connection Io-redis - connection status: connected]
[2025-04-25 05:12:27.371 PM info: Connection has been established successfully.]
[2025-04-25 05:12:42.646 PM info: connection Io-redis - connection status: connected]
[2025-04-25 05:12:42.990 PM info: Connection has been established successfully.]
[2025-04-25 05:13:07.476 PM info: connection Io-redis - connection status: connected]
[2025-04-25 05:13:08.145 PM info: Connection has been established successfully.]
[2025-04-25 05:14:15.028 PM info: connection Io-redis - connection status: connected]
[2025-04-25 05:14:15.352 PM info: Connection has been established successfully.]
[2025-04-25 05:15:33.601 PM info: connection Io-redis - connection status: connected]
[2025-04-25 05:15:34.242 PM info: Connection has been established successfully.]
[2025-04-25 06:05:25.204 PM info: connection Io-redis - connection status: connected]
[2025-04-25 06:05:25.457 PM info: Connection has been established successfully.]
[2025-04-25 06:06:47.975 PM info: connection Io-redis - connection status: connected]
[2025-04-25 06:06:48.253 PM info: Connection has been established successfully.]
[2025-04-25 07:37:34.241 PM info: connection Io-redis - connection status: connected]
[2025-04-25 07:37:34.568 PM info: Connection has been established successfully.]
[2025-04-25 07:38:28.822 PM info: connection Io-redis - connection status: connected]
[2025-04-25 07:38:29.189 PM info: Connection has been established successfully.]
[2025-04-25 07:50:08.908 PM info: connection Io-redis - connection status: connected]
[2025-04-25 07:50:09.328 PM info: Connection has been established successfully.]
[2025-04-25 07:52:44.486 PM info: connection Io-redis - connection status: connected]
[2025-04-25 07:52:44.937 PM info: Connection has been established successfully.]
[2025-04-25 07:54:48.455 PM info: connection Io-redis - connection status: connected]
[2025-04-25 07:54:48.745 PM info: Connection has been established successfully.]
[2025-04-25 07:57:47.018 PM info: connection Io-redis - connection status: connected]
[2025-04-25 07:57:47.291 PM info: Connection has been established successfully.]
[2025-04-25 08:02:49.423 PM info: connection Io-redis - connection status: connected]
[2025-04-25 08:02:49.697 PM info: Connection has been established successfully.]
[2025-04-26 12:25:27.076 PM info: connection Io-redis - connection status: connected]
[2025-04-26 12:25:27.531 PM info: Connection has been established successfully.]
[2025-04-26 12:26:04.435 PM info: connection Io-redis - connection status: connected]
[2025-04-26 12:26:05.039 PM info: Connection has been established successfully.]
[2025-04-26 03:34:07.829 PM info: connection Io-redis - connection status: connected]
[2025-04-26 03:34:08.355 PM info: Connection has been established successfully.]
[2025-04-26 03:38:58.484 PM info: connection Io-redis - connection status: connected]
[2025-04-26 03:38:59.050 PM info: Connection has been established successfully.]
[2025-04-26 03:39:28.422 PM info: connection Io-redis - connection status: connected]
[2025-04-26 03:39:28.896 PM info: Connection has been established successfully.]
[2025-04-26 05:24:45.686 PM info: connection Io-redis - connection status: connected]
[2025-04-26 05:24:46.051 PM info: Connection has been established successfully.]
[2025-04-26 05:24:56.614 PM info: connection Io-redis - connection status: connected]
[2025-04-26 05:24:56.855 PM info: Connection has been established successfully.]
[2025-04-26 05:25:41.185 PM info: connection Io-redis - connection status: connected]
[2025-04-26 05:25:41.559 PM info: Connection has been established successfully.]
[2025-04-26 05:26:19.453 PM info: connection Io-redis - connection status: connected]
[2025-04-26 05:26:19.887 PM info: Connection has been established successfully.]
[2025-04-26 05:30:11.216 PM info: connection Io-redis - connection status: connected]
[2025-04-26 05:30:11.515 PM info: Connection has been established successfully.]
[2025-04-26 05:31:41.308 PM info: connection Io-redis - connection status: connected]
[2025-04-26 05:31:41.547 PM info: Connection has been established successfully.]
[2025-04-26 05:45:29.598 PM info: connection Io-redis - connection status: connected]
[2025-04-26 05:45:29.985 PM info: Connection has been established successfully.]
[2025-04-26 05:57:29.052 PM info: connection Io-redis - connection status: connected]
[2025-04-26 05:57:29.313 PM info: Connection has been established successfully.]
[2025-04-26 05:57:53.922 PM info: connection Io-redis - connection status: connected]
[2025-04-26 05:57:54.170 PM info: Connection has been established successfully.]
[2025-04-26 05:58:15.195 PM info: connection Io-redis - connection status: connected]
[2025-04-26 05:58:15.482 PM info: Connection has been established successfully.]
[2025-04-26 06:00:14.565 PM info: connection Io-redis - connection status: connected]
[2025-04-26 06:00:14.927 PM info: Connection has been established successfully.]
[2025-04-26 06:00:21.508 PM info: connection Io-redis - connection status: connected]
[2025-04-26 06:00:21.850 PM info: Connection has been established successfully.]
[2025-04-26 06:00:49.786 PM info: connection Io-redis - connection status: connected]
[2025-04-26 06:00:50.034 PM info: Connection has been established successfully.]
[2025-04-26 06:03:08.261 PM info: connection Io-redis - connection status: connected]
[2025-04-26 06:03:08.668 PM info: Connection has been established successfully.]
[2025-04-26 06:03:29.626 PM info: connection Io-redis - connection status: connected]
[2025-04-26 06:03:29.889 PM info: Connection has been established successfully.]
[2025-04-26 06:04:58.914 PM info: connection Io-redis - connection status: connected]
[2025-04-26 06:04:59.440 PM info: Connection has been established successfully.]
[2025-04-26 06:06:00.696 PM info: connection Io-redis - connection status: connected]
[2025-04-26 06:06:00.997 PM info: Connection has been established successfully.]
[2025-04-26 06:06:40.183 PM info: connection Io-redis - connection status: connected]
[2025-04-26 06:06:40.441 PM info: Connection has been established successfully.]
[2025-04-26 06:08:57.366 PM info: connection Io-redis - connection status: connected]
[2025-04-26 06:08:57.744 PM info: Connection has been established successfully.]
[2025-04-26 06:09:06.031 PM error: 404 - Token not exists or expired!]
[2025-04-26 06:11:41.939 PM info: connection Io-redis - connection status: connected]
[2025-04-26 06:11:42.484 PM info: Connection has been established successfully.]
[2025-04-26 06:11:51.621 PM info: connection Io-redis - connection status: connected]
[2025-04-26 06:11:52.072 PM info: Connection has been established successfully.]
[2025-04-26 06:13:43.466 PM error: 401 - Authencation error]
[2025-04-26 06:15:38.904 PM info: connection Io-redis - connection status: connected]
[2025-04-26 06:15:39.252 PM info: Connection has been established successfully.]
[2025-04-26 06:15:54.029 PM error: 404 - Shop is not registered]
[2025-04-27 03:26:12.712 PM info: connection Io-redis - connection status: connected]
[2025-04-27 03:26:13.254 PM info: Connection has been established successfully.]
[2025-04-27 03:45:45.686 PM info: connection Io-redis - connection status: connected]
[2025-04-27 03:45:45.937 PM info: Connection has been established successfully.]
[2025-04-27 03:46:10.599 PM info: connection Io-redis - connection status: connected]
[2025-04-27 03:46:10.946 PM info: Connection has been established successfully.]
[2025-04-27 03:50:41.558 PM info: connection Io-redis - connection status: connected]
[2025-04-27 03:50:41.873 PM info: Connection has been established successfully.]
[2025-04-27 03:50:51.275 PM info: connection Io-redis - connection status: connected]
[2025-04-27 03:50:51.606 PM info: Connection has been established successfully.]
[2025-04-27 03:59:04.494 PM info: connection Io-redis - connection status: connected]
[2025-04-27 03:59:04.840 PM info: Connection has been established successfully.]
[2025-04-27 04:04:40.943 PM info: connection Io-redis - connection status: connected]
[2025-04-27 04:04:41.295 PM info: Connection has been established successfully.]
[2025-04-27 04:26:57.233 PM info: connection Io-redis - connection status: connected]
[2025-04-27 04:26:57.532 PM info: Connection has been established successfully.]
[2025-04-27 04:28:42.899 PM info: connection Io-redis - connection status: connected]
[2025-04-27 04:28:43.194 PM info: Connection has been established successfully.]
[2025-04-27 04:30:25.139 PM info: connection Io-redis - connection status: connected]
[2025-04-27 04:30:25.578 PM info: Connection has been established successfully.]
[2025-04-27 04:30:52.855 PM info: connection Io-redis - connection status: connected]
[2025-04-27 04:30:53.151 PM info: Connection has been established successfully.]
[2025-04-27 04:31:08.861 PM info: connection Io-redis - connection status: connected]
[2025-04-27 04:31:09.119 PM info: Connection has been established successfully.]
[2025-04-27 04:33:15.006 PM info: connection Io-redis - connection status: connected]
[2025-04-27 04:33:15.425 PM info: Connection has been established successfully.]
[2025-04-27 04:34:29.669 PM info: connection Io-redis - connection status: connected]
[2025-04-27 04:34:29.972 PM info: Connection has been established successfully.]
[2025-04-27 06:37:51.014 PM info: connection Io-redis - connection status: connected]
[2025-04-27 06:37:51.759 PM info: Connection has been established successfully.]
[2025-04-27 09:11:09.595 PM info: connection Io-redis - connection status: connected]
[2025-04-27 09:11:10.874 PM info: Connection has been established successfully.]
[2025-04-27 09:14:55.228 PM info: connection Io-redis - connection status: connected]
[2025-04-27 09:14:55.610 PM info: Connection has been established successfully.]
[2025-04-27 09:42:06.431 PM info: connection Io-redis - connection status: connected]
[2025-04-27 09:42:06.817 PM info: Connection has been established successfully.]
[2025-04-29 01:55:22.478 PM info: connection Io-redis - connection status: connected]
[2025-04-29 01:55:22.836 PM info: Connection has been established successfully.]
[2025-04-29 01:59:38.381 PM info: connection Io-redis - connection status: connected]
[2025-04-29 01:59:38.644 PM info: Connection has been established successfully.]
[2025-04-29 02:02:17.592 PM info: connection Io-redis - connection status: connected]
[2025-04-29 02:02:20.201 PM info: Connection has been established successfully.]
[2025-04-29 02:03:52.986 PM info: connection Io-redis - connection status: connected]
[2025-04-29 02:03:53.482 PM info: Connection has been established successfully.]
[2025-04-29 02:28:06.086 PM info: connection Io-redis - connection status: connected]
[2025-04-29 02:28:06.756 PM info: Connection has been established successfully.]
[2025-04-29 02:28:42.574 PM info: connection Io-redis - connection status: connected]
[2025-04-29 02:28:42.941 PM info: Connection has been established successfully.]
[2025-04-29 02:32:25.048 PM info: connection Io-redis - connection status: connected]
[2025-04-29 02:32:25.355 PM info: Connection has been established successfully.]
[2025-04-29 03:14:45.526 PM info: connection Io-redis - connection status: connected]
[2025-04-29 03:14:45.878 PM info: Connection has been established successfully.]
[2025-04-29 03:20:09.603 PM info: connection Io-redis - connection status: connected]
[2025-04-29 03:20:10.110 PM info: Connection has been established successfully.]
[2025-04-29 03:26:12.034 PM info: connection Io-redis - connection status: connected]
[2025-04-29 03:26:12.321 PM info: Connection has been established successfully.]
[2025-04-29 03:27:53.947 PM info: connection Io-redis - connection status: connected]
[2025-04-29 03:27:54.351 PM info: Connection has been established successfully.]
[2025-04-29 03:29:08.112 PM info: connection Io-redis - connection status: connected]
[2025-04-29 03:29:08.407 PM info: Connection has been established successfully.]
[2025-04-29 03:44:09.327 PM info: connection Io-redis - connection status: connected]
[2025-04-29 03:44:09.614 PM info: Connection has been established successfully.]
[2025-04-29 03:57:32.723 PM info: connection Io-redis - connection status: connected]
[2025-04-29 03:57:33.163 PM info: Connection has been established successfully.]
[2025-04-29 04:01:50.942 PM info: connection Io-redis - connection status: connected]
[2025-04-29 04:01:51.456 PM info: Connection has been established successfully.]
[2025-04-29 04:09:22.971 PM info: connection Io-redis - connection status: connected]
[2025-04-29 04:09:23.255 PM info: Connection has been established successfully.]
[2025-04-29 04:16:28.998 PM info: connection Io-redis - connection status: connected]
[2025-04-29 04:16:29.378 PM info: Connection has been established successfully.]
[2025-04-29 04:18:53.530 PM info: connection Io-redis - connection status: connected]
[2025-04-29 04:18:53.894 PM info: Connection has been established successfully.]
[2025-04-29 04:19:27.492 PM info: connection Io-redis - connection status: connected]
[2025-04-29 04:19:27.778 PM info: Connection has been established successfully.]
[2025-04-29 04:39:23.823 PM error: 404 - Shop is not registered]
[2025-04-29 04:42:03.606 PM info: connection Io-redis - connection status: connected]
[2025-04-29 04:42:03.911 PM info: Connection has been established successfully.]
[2025-04-29 04:52:58.061 PM info: connection Io-redis - connection status: connected]
[2025-04-29 04:52:58.396 PM info: Connection has been established successfully.]
[2025-04-29 04:56:34.098 PM error: 403 - Forbidden]
[2025-04-29 05:02:25.861 PM info: connection Io-redis - connection status: connected]
[2025-04-29 05:02:26.108 PM info: Connection has been established successfully.]
[2025-04-29 05:07:16.315 PM info: connection Io-redis - connection status: connected]
[2025-04-29 05:07:21.777 PM info: Connection has been established successfully.]
[2025-04-29 05:10:09.107 PM info: connection Io-redis - connection status: connected]
[2025-04-29 05:10:09.450 PM info: Connection has been established successfully.]
[2025-04-29 05:10:19.492 PM info: connection Io-redis - connection status: connected]
[2025-04-29 05:10:19.731 PM info: Connection has been established successfully.]
[2025-04-29 05:13:40.075 PM info: connection Io-redis - connection status: connected]
[2025-04-29 05:13:40.321 PM info: Connection has been established successfully.]
[2025-04-29 05:14:35.780 PM info: connection Io-redis - connection status: connected]
[2025-04-29 05:14:36.154 PM info: Connection has been established successfully.]
[2025-04-29 05:15:20.482 PM info: connection Io-redis - connection status: connected]
[2025-04-29 05:15:20.901 PM info: Connection has been established successfully.]
[2025-04-29 05:16:13.717 PM info: connection Io-redis - connection status: connected]
[2025-04-29 05:16:13.979 PM info: Connection has been established successfully.]
[2025-04-29 05:17:58.356 PM info: connection Io-redis - connection status: connected]
[2025-04-29 05:18:00.249 PM info: Connection has been established successfully.]
[2025-04-29 05:18:21.698 PM info: connection Io-redis - connection status: connected]
[2025-04-29 05:18:21.958 PM info: Connection has been established successfully.]
[2025-04-29 05:19:41.182 PM info: connection Io-redis - connection status: connected]
[2025-04-29 05:19:41.427 PM info: Connection has been established successfully.]
[2025-04-29 05:24:46.274 PM info: connection Io-redis - connection status: connected]
[2025-04-29 05:24:46.573 PM info: Connection has been established successfully.]
[2025-04-29 05:24:58.697 PM info: connection Io-redis - connection status: connected]
[2025-04-29 05:24:59.014 PM info: Connection has been established successfully.]
[2025-04-29 05:26:30.329 PM info: connection Io-redis - connection status: connected]
[2025-04-29 05:26:30.660 PM info: Connection has been established successfully.]
[2025-04-29 05:26:41.447 PM info: connection Io-redis - connection status: connected]
[2025-04-29 05:26:41.684 PM info: Connection has been established successfully.]
[2025-04-29 07:03:28.521 PM info: connection Io-redis - connection status: connected]
[2025-04-29 07:03:29.103 PM info: Connection has been established successfully.]
[2025-04-29 07:06:49.525 PM info: connection Io-redis - connection status: connected]
[2025-04-29 07:06:50.217 PM info: Connection has been established successfully.]
[2025-04-29 07:07:12.345 PM info: connection Io-redis - connection status: connected]
[2025-04-29 07:07:12.586 PM info: Connection has been established successfully.]
[2025-04-29 07:07:23.412 PM info: connection Io-redis - connection status: connected]
[2025-04-29 07:07:23.852 PM info: Connection has been established successfully.]
[2025-04-29 07:18:38.514 PM info: connection Io-redis - connection status: connected]
[2025-04-29 07:18:38.887 PM info: Connection has been established successfully.]
[2025-04-29 07:19:00.364 PM info: connection Io-redis - connection status: connected]
[2025-04-29 07:19:00.746 PM info: Connection has been established successfully.]
[2025-04-29 07:19:38.011 PM info: connection Io-redis - connection status: connected]
[2025-04-29 07:19:38.306 PM info: Connection has been established successfully.]
[2025-04-29 07:41:48.865 PM info: connection Io-redis - connection status: connected]
[2025-04-29 07:41:49.266 PM info: Connection has been established successfully.]
[2025-04-29 08:01:28.377 PM info: connection Io-redis - connection status: connected]
[2025-04-29 08:01:28.637 PM info: Connection has been established successfully.]
[2025-04-29 08:01:41.345 PM info: connection Io-redis - connection status: connected]
[2025-04-29 08:01:41.625 PM info: Connection has been established successfully.]
[2025-04-29 08:02:07.409 PM info: connection Io-redis - connection status: connected]
[2025-04-29 08:02:07.674 PM info: Connection has been established successfully.]
[2025-04-29 08:07:24.372 PM info: connection Io-redis - connection status: connected]
[2025-04-29 08:07:24.798 PM info: Connection has been established successfully.]
[2025-04-29 09:26:08.808 PM info: connection Io-redis - connection status: connected]
[2025-04-29 09:26:09.221 PM info: Connection has been established successfully.]
[2025-04-29 09:26:13.514 PM error: 404 - Seat A8 already booked!!]
[2025-04-29 09:26:39.548 PM info: connection Io-redis - connection status: connected]
[2025-04-29 09:26:39.867 PM info: Connection has been established successfully.]
[2025-04-29 09:27:17.543 PM error: 404 - Seat A9 not exists!!]
[2025-04-29 09:46:54.092 PM info: connection Io-redis - connection status: connected]
[2025-04-29 09:46:54.484 PM info: Connection has been established successfully.]
[2025-04-29 09:47:16.655 PM info: connection Io-redis - connection status: connected]
[2025-04-29 09:47:17.156 PM info: Connection has been established successfully.]
[2025-04-29 10:07:22.848 PM info: connection Io-redis - connection status: connected]
[2025-04-29 10:07:23.306 PM info: Connection has been established successfully.]
[2025-04-29 10:08:02.459 PM info: connection Io-redis - connection status: connected]
[2025-04-29 10:08:02.742 PM info: Connection has been established successfully.]
[2025-04-29 10:08:20.549 PM info: connection Io-redis - connection status: connected]
[2025-04-29 10:08:20.841 PM info: Connection has been established successfully.]
[2025-04-29 10:20:11.527 PM error: 403 - Forbidden]
[2025-04-29 10:20:58.081 PM error: 404 - Error: Shop already registered!]
[2025-04-29 10:24:04.703 PM info: connection Io-redis - connection status: connected]
[2025-04-29 10:24:05.092 PM info: Connection has been established successfully.]
[2025-04-29 10:24:22.887 PM error: 404 - Category "Hài" not found]
[2025-04-29 10:25:36.825 PM error: 404 - Category "Hài" not found]
[2025-04-29 10:25:54.532 PM error: 404 - Category "Hài" not found]
[2025-04-29 10:26:28.920 PM info: connection Io-redis - connection status: connected]
[2025-04-29 10:26:29.158 PM info: Connection has been established successfully.]
[2025-04-29 10:26:36.700 PM error: 404 - Category "Hài" not found]
[2025-04-29 10:27:16.092 PM info: connection Io-redis - connection status: connected]
[2025-04-29 10:27:16.413 PM info: Connection has been established successfully.]
[2025-04-29 10:28:56.569 PM info: connection Io-redis - connection status: connected]
[2025-04-29 10:28:58.287 PM info: Connection has been established successfully.]
[2025-04-29 10:34:18.269 PM info: connection Io-redis - connection status: connected]
[2025-04-29 10:34:18.511 PM info: Connection has been established successfully.]
[2025-04-29 10:35:14.256 PM info: connection Io-redis - connection status: connected]
[2025-04-29 10:35:14.509 PM info: Connection has been established successfully.]
[2025-04-29 10:35:34.188 PM info: connection Io-redis - connection status: connected]
[2025-04-29 10:35:34.481 PM info: Connection has been established successfully.]
[2025-04-29 10:41:20.826 PM info: connection Io-redis - connection status: connected]
[2025-04-29 10:41:21.046 PM info: Connection has been established successfully.]
[2025-04-29 10:42:02.156 PM info: connection Io-redis - connection status: connected]
[2025-04-29 10:42:03.178 PM info: Connection has been established successfully.]
[2025-04-29 10:42:41.706 PM info: connection Io-redis - connection status: connected]
[2025-04-29 10:42:41.992 PM info: Connection has been established successfully.]
[2025-04-29 10:43:22.838 PM info: connection Io-redis - connection status: connected]
[2025-04-29 10:43:23.191 PM info: Connection has been established successfully.]
[2025-04-29 10:51:00.026 PM info: connection Io-redis - connection status: connected]
[2025-04-29 10:51:00.345 PM info: Connection has been established successfully.]
[2025-04-29 10:53:20.423 PM info: connection Io-redis - connection status: connected]
[2025-04-29 10:53:20.753 PM info: Connection has been established successfully.]
[2025-04-29 10:54:11.218 PM info: connection Io-redis - connection status: connected]
[2025-04-29 10:54:11.495 PM info: Connection has been established successfully.]
[2025-04-29 11:00:52.298 PM info: connection Io-redis - connection status: connected]
[2025-04-29 11:00:52.627 PM info: Connection has been established successfully.]
[2025-04-29 11:07:53.542 PM info: connection Io-redis - connection status: connected]
[2025-04-29 11:07:53.978 PM info: Connection has been established successfully.]
[2025-04-29 11:08:34.469 PM info: connection Io-redis - connection status: connected]
[2025-04-29 11:08:35.117 PM info: Connection has been established successfully.]
[2025-04-29 11:08:54.631 PM info: connection Io-redis - connection status: connected]
[2025-04-29 11:08:54.926 PM info: Connection has been established successfully.]
[2025-04-29 11:09:30.062 PM info: connection Io-redis - connection status: connected]
[2025-04-29 11:09:30.322 PM info: Connection has been established successfully.]
[2025-04-29 11:09:57.257 PM info: connection Io-redis - connection status: connected]
[2025-04-29 11:09:58.066 PM info: Connection has been established successfully.]
[2025-04-29 11:11:11.410 PM info: connection Io-redis - connection status: connected]
[2025-04-29 11:11:11.693 PM info: Connection has been established successfully.]
[2025-04-29 11:11:43.935 PM info: connection Io-redis - connection status: connected]
[2025-04-29 11:11:44.173 PM info: Connection has been established successfully.]
[2025-04-29 11:14:43.883 PM info: connection Io-redis - connection status: connected]
[2025-04-29 11:14:44.222 PM info: Connection has been established successfully.]
[2025-04-29 11:15:16.155 PM info: connection Io-redis - connection status: connected]
[2025-04-29 11:15:16.476 PM info: Connection has been established successfully.]
[2025-04-29 11:15:42.171 PM info: connection Io-redis - connection status: connected]
[2025-04-29 11:15:42.903 PM info: Connection has been established successfully.]
[2025-04-29 11:16:21.065 PM info: connection Io-redis - connection status: connected]
[2025-04-29 11:16:21.317 PM info: Connection has been established successfully.]
[2025-04-29 11:17:08.218 PM info: connection Io-redis - connection status: connected]
[2025-04-29 11:17:08.445 PM info: Connection has been established successfully.]
[2025-04-29 11:19:05.562 PM info: connection Io-redis - connection status: connected]
[2025-04-29 11:19:05.834 PM info: Connection has been established successfully.]
[2025-04-29 11:19:49.147 PM info: connection Io-redis - connection status: connected]
[2025-04-29 11:19:49.731 PM info: Connection has been established successfully.]
